{"version":"3.7.1","messages":["\nAn error occurred while loading ./spec/01_create_table_spec.rb.\n\u001b[31mFailure/Error: \u001b[0mrequire_relative \u001b[31m\u001b[1;31m'\u001b[0m\u001b[31m../db/migrate/01_create_students\u001b[1;31m'\u001b[0m\u001b[31m\u001b[0m\u001b[0m\n\u001b[31m\u001b[0m\n\u001b[31mActiveRecord::StatementInvalid:\u001b[0m\n\u001b[31m  SQLite3::SQLException: near \")\": syntax error:     CREATE TABLE IF NOT EXISTS students(\u001b[0m\n\u001b[31m        id INTEGER PRIMARY KEY,\u001b[0m\n\u001b[31m        name TEXT,\u001b[0m\n\u001b[31m      )\u001b[0m\n\u001b[36m# /usr/local/rvm/gems/ruby-2.3.1/gems/sqlite3-1.3.13/lib/sqlite3/database.rb:91:in `initialize'\u001b[0m\n\u001b[36m# /usr/local/rvm/gems/ruby-2.3.1/gems/sqlite3-1.3.13/lib/sqlite3/database.rb:91:in `new'\u001b[0m\n\u001b[36m# /usr/local/rvm/gems/ruby-2.3.1/gems/sqlite3-1.3.13/lib/sqlite3/database.rb:91:in `prepare'\u001b[0m\n\u001b[36m# /usr/local/rvm/gems/ruby-2.3.1/gems/sqlite3-1.3.13/lib/sqlite3/database.rb:137:in `execute'\u001b[0m\n\u001b[36m# /usr/local/rvm/gems/ruby-2.3.1/gems/activerecord-5.1.5/lib/active_record/connection_adapters/sqlite3_adapter.rb:251:in `block (2 levels) in execute'\u001b[0m\n\u001b[36m# /usr/local/rvm/gems/ruby-2.3.1/gems/activesupport-5.1.5/lib/active_support/dependencies/interlock.rb:46:in `block in permit_concurrent_loads'\u001b[0m\n\u001b[36m# /usr/local/rvm/gems/ruby-2.3.1/gems/activesupport-5.1.5/lib/active_support/concurrency/share_lock.rb:185:in `yield_shares'\u001b[0m\n\u001b[36m# /usr/local/rvm/gems/ruby-2.3.1/gems/activesupport-5.1.5/lib/active_support/dependencies/interlock.rb:45:in `permit_concurrent_loads'\u001b[0m\n\u001b[36m# /usr/local/rvm/gems/ruby-2.3.1/gems/activerecord-5.1.5/lib/active_record/connection_adapters/sqlite3_adapter.rb:250:in `block in execute'\u001b[0m\n\u001b[36m# /usr/local/rvm/gems/ruby-2.3.1/gems/activerecord-5.1.5/lib/active_record/connection_adapters/abstract_adapter.rb:613:in `block (2 levels) in log'\u001b[0m\n\u001b[36m# /usr/local/rvm/gems/ruby-2.3.1/gems/activerecord-5.1.5/lib/active_record/connection_adapters/abstract_adapter.rb:612:in `block in log'\u001b[0m\n\u001b[36m# /usr/local/rvm/gems/ruby-2.3.1/gems/activesupport-5.1.5/lib/active_support/notifications/instrumenter.rb:21:in `instrument'\u001b[0m\n\u001b[36m# /usr/local/rvm/gems/ruby-2.3.1/gems/activerecord-5.1.5/lib/active_record/connection_adapters/abstract_adapter.rb:604:in `log'\u001b[0m\n\u001b[36m# /usr/local/rvm/gems/ruby-2.3.1/gems/activerecord-5.1.5/lib/active_record/connection_adapters/sqlite3_adapter.rb:249:in `execute'\u001b[0m\n\u001b[36m# ./db/migrate/01_create_students.rb:11:in `\u003cclass:CreateStudents\u003e'\u001b[0m\n\u001b[36m# ./db/migrate/01_create_students.rb:1:in `\u003ctop (required)\u003e'\u001b[0m\n\u001b[36m# ./spec/01_create_table_spec.rb:2:in `require_relative'\u001b[0m\n\u001b[36m# ./spec/01_create_table_spec.rb:2:in `\u003ctop (required)\u003e'\u001b[0m\n\u001b[36m# /usr/local/rvm/gems/ruby-2.3.1/gems/activesupport-5.1.5/lib/active_support/dependencies.rb:286:in `load'\u001b[0m\n\u001b[36m# /usr/local/rvm/gems/ruby-2.3.1/gems/activesupport-5.1.5/lib/active_support/dependencies.rb:286:in `block in load'\u001b[0m\n\u001b[36m# /usr/local/rvm/gems/ruby-2.3.1/gems/activesupport-5.1.5/lib/active_support/dependencies.rb:258:in `load_dependency'\u001b[0m\n\u001b[36m# /usr/local/rvm/gems/ruby-2.3.1/gems/activesupport-5.1.5/lib/active_support/dependencies.rb:286:in `load'\u001b[0m\n\u001b[36m# ------------------\u001b[0m\n\u001b[36m# --- Caused by: ---\u001b[0m\n\u001b[36m# SQLite3::SQLException:\u001b[0m\n\u001b[36m#   near \")\": syntax error\u001b[0m\n\u001b[36m#   /usr/local/rvm/gems/ruby-2.3.1/gems/sqlite3-1.3.13/lib/sqlite3/database.rb:91:in `initialize'\u001b[0m\n","\nAn error occurred while loading ./spec/02_add_column_spec.rb.\n\u001b[31mFailure/Error: \u001b[0mrequire_relative \u001b[31m\u001b[1;31m'\u001b[0m\u001b[31m../db/migrate/01_create_students\u001b[1;31m'\u001b[0m\u001b[31m\u001b[0m\u001b[0m\n\u001b[31m\u001b[0m\n\u001b[31mActiveRecord::StatementInvalid:\u001b[0m\n\u001b[31m  SQLite3::SQLException: near \")\": syntax error:     CREATE TABLE IF NOT EXISTS students(\u001b[0m\n\u001b[31m        id INTEGER PRIMARY KEY,\u001b[0m\n\u001b[31m        name TEXT,\u001b[0m\n\u001b[31m      )\u001b[0m\n\u001b[36m# /usr/local/rvm/gems/ruby-2.3.1/gems/sqlite3-1.3.13/lib/sqlite3/database.rb:91:in `initialize'\u001b[0m\n\u001b[36m# /usr/local/rvm/gems/ruby-2.3.1/gems/sqlite3-1.3.13/lib/sqlite3/database.rb:91:in `new'\u001b[0m\n\u001b[36m# /usr/local/rvm/gems/ruby-2.3.1/gems/sqlite3-1.3.13/lib/sqlite3/database.rb:91:in `prepare'\u001b[0m\n\u001b[36m# /usr/local/rvm/gems/ruby-2.3.1/gems/sqlite3-1.3.13/lib/sqlite3/database.rb:137:in `execute'\u001b[0m\n\u001b[36m# /usr/local/rvm/gems/ruby-2.3.1/gems/activerecord-5.1.5/lib/active_record/connection_adapters/sqlite3_adapter.rb:251:in `block (2 levels) in execute'\u001b[0m\n\u001b[36m# /usr/local/rvm/gems/ruby-2.3.1/gems/activesupport-5.1.5/lib/active_support/dependencies/interlock.rb:46:in `block in permit_concurrent_loads'\u001b[0m\n\u001b[36m# /usr/local/rvm/gems/ruby-2.3.1/gems/activesupport-5.1.5/lib/active_support/concurrency/share_lock.rb:185:in `yield_shares'\u001b[0m\n\u001b[36m# /usr/local/rvm/gems/ruby-2.3.1/gems/activesupport-5.1.5/lib/active_support/dependencies/interlock.rb:45:in `permit_concurrent_loads'\u001b[0m\n\u001b[36m# /usr/local/rvm/gems/ruby-2.3.1/gems/activerecord-5.1.5/lib/active_record/connection_adapters/sqlite3_adapter.rb:250:in `block in execute'\u001b[0m\n\u001b[36m# /usr/local/rvm/gems/ruby-2.3.1/gems/activerecord-5.1.5/lib/active_record/connection_adapters/abstract_adapter.rb:613:in `block (2 levels) in log'\u001b[0m\n\u001b[36m# /usr/local/rvm/gems/ruby-2.3.1/gems/activerecord-5.1.5/lib/active_record/connection_adapters/abstract_adapter.rb:612:in `block in log'\u001b[0m\n\u001b[36m# /usr/local/rvm/gems/ruby-2.3.1/gems/activesupport-5.1.5/lib/active_support/notifications/instrumenter.rb:21:in `instrument'\u001b[0m\n\u001b[36m# /usr/local/rvm/gems/ruby-2.3.1/gems/activerecord-5.1.5/lib/active_record/connection_adapters/abstract_adapter.rb:604:in `log'\u001b[0m\n\u001b[36m# /usr/local/rvm/gems/ruby-2.3.1/gems/activerecord-5.1.5/lib/active_record/connection_adapters/sqlite3_adapter.rb:249:in `execute'\u001b[0m\n\u001b[36m# ./db/migrate/01_create_students.rb:11:in `\u003cclass:CreateStudents\u003e'\u001b[0m\n\u001b[36m# ./db/migrate/01_create_students.rb:1:in `\u003ctop (required)\u003e'\u001b[0m\n\u001b[36m# ./spec/02_add_column_spec.rb:2:in `require_relative'\u001b[0m\n\u001b[36m# ./spec/02_add_column_spec.rb:2:in `\u003ctop (required)\u003e'\u001b[0m\n\u001b[36m# /usr/local/rvm/gems/ruby-2.3.1/gems/activesupport-5.1.5/lib/active_support/dependencies.rb:286:in `load'\u001b[0m\n\u001b[36m# /usr/local/rvm/gems/ruby-2.3.1/gems/activesupport-5.1.5/lib/active_support/dependencies.rb:286:in `block in load'\u001b[0m\n\u001b[36m# /usr/local/rvm/gems/ruby-2.3.1/gems/activesupport-5.1.5/lib/active_support/dependencies.rb:258:in `load_dependency'\u001b[0m\n\u001b[36m# /usr/local/rvm/gems/ruby-2.3.1/gems/activesupport-5.1.5/lib/active_support/dependencies.rb:286:in `load'\u001b[0m\n\u001b[36m# ------------------\u001b[0m\n\u001b[36m# --- Caused by: ---\u001b[0m\n\u001b[36m# SQLite3::SQLException:\u001b[0m\n\u001b[36m#   near \")\": syntax error\u001b[0m\n\u001b[36m#   /usr/local/rvm/gems/ruby-2.3.1/gems/sqlite3-1.3.13/lib/sqlite3/database.rb:91:in `initialize'\u001b[0m\n","\nAn error occurred while loading ./spec/03_change_column_spec.rb.\n\u001b[31mFailure/Error: \u001b[0mrequire_relative \u001b[31m\u001b[1;31m'\u001b[0m\u001b[31m../db/migrate/01_create_students\u001b[1;31m'\u001b[0m\u001b[31m\u001b[0m\u001b[0m\n\u001b[31m\u001b[0m\n\u001b[31mActiveRecord::StatementInvalid:\u001b[0m\n\u001b[31m  SQLite3::SQLException: near \")\": syntax error:     CREATE TABLE IF NOT EXISTS students(\u001b[0m\n\u001b[31m        id INTEGER PRIMARY KEY,\u001b[0m\n\u001b[31m        name TEXT,\u001b[0m\n\u001b[31m      )\u001b[0m\n\u001b[36m# /usr/local/rvm/gems/ruby-2.3.1/gems/sqlite3-1.3.13/lib/sqlite3/database.rb:91:in `initialize'\u001b[0m\n\u001b[36m# /usr/local/rvm/gems/ruby-2.3.1/gems/sqlite3-1.3.13/lib/sqlite3/database.rb:91:in `new'\u001b[0m\n\u001b[36m# /usr/local/rvm/gems/ruby-2.3.1/gems/sqlite3-1.3.13/lib/sqlite3/database.rb:91:in `prepare'\u001b[0m\n\u001b[36m# /usr/local/rvm/gems/ruby-2.3.1/gems/sqlite3-1.3.13/lib/sqlite3/database.rb:137:in `execute'\u001b[0m\n\u001b[36m# /usr/local/rvm/gems/ruby-2.3.1/gems/activerecord-5.1.5/lib/active_record/connection_adapters/sqlite3_adapter.rb:251:in `block (2 levels) in execute'\u001b[0m\n\u001b[36m# /usr/local/rvm/gems/ruby-2.3.1/gems/activesupport-5.1.5/lib/active_support/dependencies/interlock.rb:46:in `block in permit_concurrent_loads'\u001b[0m\n\u001b[36m# /usr/local/rvm/gems/ruby-2.3.1/gems/activesupport-5.1.5/lib/active_support/concurrency/share_lock.rb:185:in `yield_shares'\u001b[0m\n\u001b[36m# /usr/local/rvm/gems/ruby-2.3.1/gems/activesupport-5.1.5/lib/active_support/dependencies/interlock.rb:45:in `permit_concurrent_loads'\u001b[0m\n\u001b[36m# /usr/local/rvm/gems/ruby-2.3.1/gems/activerecord-5.1.5/lib/active_record/connection_adapters/sqlite3_adapter.rb:250:in `block in execute'\u001b[0m\n\u001b[36m# /usr/local/rvm/gems/ruby-2.3.1/gems/activerecord-5.1.5/lib/active_record/connection_adapters/abstract_adapter.rb:613:in `block (2 levels) in log'\u001b[0m\n\u001b[36m# /usr/local/rvm/gems/ruby-2.3.1/gems/activerecord-5.1.5/lib/active_record/connection_adapters/abstract_adapter.rb:612:in `block in log'\u001b[0m\n\u001b[36m# /usr/local/rvm/gems/ruby-2.3.1/gems/activesupport-5.1.5/lib/active_support/notifications/instrumenter.rb:21:in `instrument'\u001b[0m\n\u001b[36m# /usr/local/rvm/gems/ruby-2.3.1/gems/activerecord-5.1.5/lib/active_record/connection_adapters/abstract_adapter.rb:604:in `log'\u001b[0m\n\u001b[36m# /usr/local/rvm/gems/ruby-2.3.1/gems/activerecord-5.1.5/lib/active_record/connection_adapters/sqlite3_adapter.rb:249:in `execute'\u001b[0m\n\u001b[36m# ./db/migrate/01_create_students.rb:11:in `\u003cclass:CreateStudents\u003e'\u001b[0m\n\u001b[36m# ./db/migrate/01_create_students.rb:1:in `\u003ctop (required)\u003e'\u001b[0m\n\u001b[36m# ./spec/03_change_column_spec.rb:2:in `require_relative'\u001b[0m\n\u001b[36m# ./spec/03_change_column_spec.rb:2:in `\u003ctop (required)\u003e'\u001b[0m\n\u001b[36m# /usr/local/rvm/gems/ruby-2.3.1/gems/activesupport-5.1.5/lib/active_support/dependencies.rb:286:in `load'\u001b[0m\n\u001b[36m# /usr/local/rvm/gems/ruby-2.3.1/gems/activesupport-5.1.5/lib/active_support/dependencies.rb:286:in `block in load'\u001b[0m\n\u001b[36m# /usr/local/rvm/gems/ruby-2.3.1/gems/activesupport-5.1.5/lib/active_support/dependencies.rb:258:in `load_dependency'\u001b[0m\n\u001b[36m# /usr/local/rvm/gems/ruby-2.3.1/gems/activesupport-5.1.5/lib/active_support/dependencies.rb:286:in `load'\u001b[0m\n\u001b[36m# ------------------\u001b[0m\n\u001b[36m# --- Caused by: ---\u001b[0m\n\u001b[36m# SQLite3::SQLException:\u001b[0m\n\u001b[36m#   near \")\": syntax error\u001b[0m\n\u001b[36m#   /usr/local/rvm/gems/ruby-2.3.1/gems/sqlite3-1.3.13/lib/sqlite3/database.rb:91:in `initialize'\u001b[0m\n","\nAll examples were filtered out; ignoring {}","No examples found."],"examples":[],"summary":{"duration":0.000612615,"example_count":0,"failure_count":0,"pending_count":0,"errors_outside_of_examples_count":3},"summary_line":"0 examples, 0 failures, 3 errors occurred outside of examples"}